## SLURM PROLOG ###############################################################
##    Job ID : 14749117
##  Job Name : test
##  Nodelist : node[1840-1841]
##      CPUs : 96
##  Mem/Node : 98304 MB
## Directory : /oscar/scratch/kbadger1/SaddleClimb/examples/HCO_to_H_CH_Co0001/IRC/saddelclimb_IRC/IRC_2
##   Job Started : Mon Dec  8 11:44:52 PM EST 2025
###############################################################################
/users/kbadger1/anaconda3/envs/ase/lib/python3.13/site-packages/sella/peswrapper.py:325: RuntimeWarning: invalid value encountered in scalar divide
  ratio = df_actual / df_pred
     Step     Time          Energy          fmax
IRC:    0 02:15:27   -82403.066724        0.000519
IRC:    1 02:48:26   -82403.067586        0.050700
IRC:    2 03:21:13   -82403.070044        0.099989
IRC:    3 03:53:09   -82403.074069        0.144130
IRC:    4 04:27:39   -82403.079558        0.185545
IRC:    5 05:01:50   -82403.086351        0.220897
IRC:    6 05:34:55   -82403.094223        0.251928
IRC:    7 06:07:10   -82403.102930        0.271700
IRC:    8 06:38:35   -82403.112053        0.281950
IRC:    9 07:14:27   -82403.121399        0.290101
IRC:   10 07:49:49   -82403.131079        0.295493
IRC:   11 08:22:13   -82403.140882        0.292875
IRC:   12 08:54:44   -82403.150052        0.268868
IRC:   13 09:29:15   -82403.158052        0.234097
IRC:   14 10:02:56   -82403.165159        0.205983
IRC:   15 10:35:13   -82403.171626        0.177043
IRC:   16 11:04:58   -82403.177212        0.145564
IRC:   17 11:20:31   -82403.181659        0.108855
IRC:   18 11:54:49   -82403.185114        0.091893
IRC:   19 12:09:48   -82403.188514        0.099273
IRC:   20 12:41:52   -82403.191711        0.083756
IRC:   21 13:12:51   -82403.194179        0.062354
IRC:   22 13:28:38   -82403.195923        0.043198
IRC:   23 14:01:57   -82403.197323        0.039277
IRC:   24 14:16:16   -82403.198505        0.031357
IRC:   25 14:49:26   -82403.199306        0.017573
IRC:   26 15:35:22   -82403.200122        0.024681
IRC:   27 16:04:05   -82403.201696        0.042288
IRC:   28 16:37:31   -82403.203991        0.065940
IRC:   29 17:25:31   -82403.207023        0.078252
IRC:   30 17:57:00   -82403.210544        0.083797
IRC:   31 18:29:14   -82403.214404        0.093358
IRC:   32 19:04:03   -82403.218748        0.109287
IRC:   33 19:38:07   -82403.223443        0.115143
IRC:   34 20:12:54   -82403.228341        0.121716
IRC:   35 20:45:34   -82403.233133        0.115731
IRC:   36 21:19:50   -82403.237827        0.121661
IRC:   37 21:55:11   -82403.242440        0.116628
IRC:   38 22:28:21   -82403.246830        0.117120
IRC:   39 23:00:50   -82403.250990        0.107788
IRC:   40 23:32:09   -82403.254508        0.087187
IRC:   41 00:05:04   -82403.257189        0.070812
IRC:   42 00:40:52   -82403.259260        0.050821
IRC:   43 01:20:51   -82403.260651        0.032329
IRC:   44 01:56:59   -82403.261809        0.028838
IRC:   45 02:31:31   -82403.262920        0.024671
IRC:   46 03:20:37   -82403.263590        0.012808
IRC:   47 03:53:00   -82403.263715        0.003585
IRC:   48 04:45:02   -82403.067656        0.056732
IRC:   49 05:15:41   -82403.070602        0.113278
IRC:   50 05:51:40   -82403.075309        0.168650
IRC:   51 06:25:37   -82403.081871        0.227745
IRC:   52 06:58:21   -82403.090757        0.284343
IRC:   53 07:32:24   -82403.101031        0.328859
IRC:   54 08:05:54   -82403.111967        0.367561
IRC:   55 08:41:17   -82403.123179        0.394376
IRC:   56 09:14:59   -82403.134535        0.416261
IRC:   57 09:47:36   -82403.146004        0.431166
IRC:   58 10:21:09   -82403.157536        0.440457
IRC:   59 10:56:31   -82403.169073        0.445085
IRC:   60 11:31:20   -82403.180569        0.446550
IRC:   61 12:02:27   -82403.192000        0.445749
IRC:   62 12:35:29   -82403.203347        0.442713
IRC:   63 13:08:42   -82403.214603        0.439178
IRC:   64 13:40:23   -82403.225766        0.434709
IRC:   65 13:57:11   -82403.236856        0.431453
IRC:   66 14:29:49   -82403.247940        0.429342
IRC:   67 14:46:25   -82403.259145        0.428790
IRC:   68 15:51:00   -82403.270766        0.448344
IRC:   69 16:40:44   -82403.283815        0.499214
IRC:   70 17:47:44   -82403.301999        0.586265
IRC:   71 18:35:38   -82403.333736        0.744283
IRC:   72 19:23:09   -82403.383649        0.808696
IRC:   73 19:57:28   -82403.445522        0.839730
IRC:   74 20:30:55   -82403.515789        0.846431
IRC:   75 21:01:09   -82403.590834        0.835792
IRC:   76 21:33:04   -82403.667891        0.813977
IRC:   77 22:04:58   -82403.745273        0.786741
IRC:   78 22:37:48   -82403.822124        0.758008
IRC:   79 23:09:01   -82403.897910        0.730485
IRC:   80 23:41:43   -82403.971949        0.706522
IRC:   81 00:13:44   -82404.043760        0.685026
IRC:   82 00:44:04   -82404.109863        0.668427
IRC:   83 01:19:22   -82404.166045        0.653345
IRC:   84 01:53:52   -82404.207849        0.635051
IRC:   85 02:25:00   -82404.234093        0.607377
IRC:   86 02:52:41   -82404.251579        0.572996
IRC:   87 03:22:08   -82404.266374        0.532681
IRC:   88 03:53:11   -82404.279844        0.493510
IRC:   89 04:24:39   -82404.292174        0.452539
IRC:   90 04:55:21   -82404.303377        0.411072
IRC:   91 05:25:01   -82404.313441        0.369582
IRC:   92 05:56:11   -82404.322354        0.327004
IRC:   93 06:25:58   -82404.330129        0.285177
IRC:   94 06:56:42   -82404.336802        0.243726
job submission failed, trying again
job submission failed, trying again
job failed 3 times, exiting now
Traceback (most recent call last):
  File "/users/kbadger1/anaconda3/envs/ase/lib/python3.13/site-packages/ase/optimize/optimize.py", line 255, in irun
  File "/users/kbadger1/anaconda3/envs/ase/lib/python3.13/site-packages/sella/optimize/irc.py", line 139, in step
  File "/users/kbadger1/anaconda3/envs/ase/lib/python3.13/site-packages/sella/peswrapper.py", line 320, in kick
  File "/users/kbadger1/anaconda3/envs/ase/lib/python3.13/site-packages/sella/peswrapper.py", line 230, in get_g
  File "/users/kbadger1/anaconda3/envs/ase/lib/python3.13/site-packages/sella/peswrapper.py", line 193, in _update
  File "/users/kbadger1/anaconda3/envs/ase/lib/python3.13/site-packages/sella/peswrapper.py", line 157, in eval
  File "/users/kbadger1/anaconda3/envs/ase/lib/python3.13/site-packages/ase/atoms.py", line 770, in get_potential_energy
  File "/users/kbadger1/anaconda3/envs/ase/lib/python3.13/site-packages/ase/calculators/abc.py", line 24, in get_potential_energy
  File "/users/kbadger1/anaconda3/envs/ase/lib/python3.13/site-packages/ase/calculators/calculator.py", line 538, in get_property
  File "/users/kbadger1/anaconda3/envs/ase/lib/python3.13/site-packages/ase/calculators/genericfileio.py", line 342, in calculate
  File "/users/kbadger1/anaconda3/envs/ase/lib/python3.13/site-packages/ase/calculators/espresso.py", line 92, in read_results
  File "/users/kbadger1/anaconda3/envs/ase/lib/python3.13/site-packages/ase/io/formats.py", line 809, in read
StopIteration

The above exception was the direct cause of the following exception:

Traceback (most recent call last):
  File "/oscar/scratch/kbadger1/SaddleClimb/examples/HCO_to_H_CH_Co0001/IRC/saddelclimb_IRC/IRC_2/run_irc.py", line 48, in <module>
    opt.run(fmax=0.01, steps=1000, direction='reverse')
    ~~~~~~~^^^^^^^^^^^^^^^^^^^^^^^^^^^^^^^^^^^^^^^^^^^^
  File "/users/kbadger1/anaconda3/envs/ase/lib/python3.13/site-packages/sella/optimize/irc.py", line 117, in run
RuntimeError: generator raised StopIteration
